{"C:\\Users\\derek\\OneDrive\\Documentos\\geradoc\\backend\\src\\domains\\auth\\auth.repository.ts": {"path":"C:\\Users\\derek\\OneDrive\\Documentos\\geradoc\\backend\\src\\domains\\auth\\auth.repository.ts","statementMap":{"0":{"start":{"line":5,"column":8},"end":{"line":5,"column":null}},"1":{"start":{"line":9,"column":8},"end":{"line":14,"column":null}},"2":{"start":{"line":18,"column":8},"end":{"line":20,"column":null}},"3":{"start":{"line":24,"column":8},"end":{"line":27,"column":null}}},"fnMap":{"0":{"name":"(anonymous_0)","decl":{"start":{"line":4,"column":10},"end":{"line":4,"column":22}},"loc":{"start":{"line":4,"column":37},"end":{"line":5,"column":null}},"line":4},"1":{"name":"(anonymous_1)","decl":{"start":{"line":8,"column":10},"end":{"line":8,"column":19}},"loc":{"start":{"line":8,"column":31},"end":{"line":14,"column":null}},"line":8},"2":{"name":"(anonymous_2)","decl":{"start":{"line":17,"column":10},"end":{"line":17,"column":17}},"loc":{"start":{"line":17,"column":78},"end":{"line":20,"column":null}},"line":17},"3":{"name":"(anonymous_3)","decl":{"start":{"line":23,"column":10},"end":{"line":23,"column":29}},"loc":{"start":{"line":23,"column":56},"end":{"line":27,"column":null}},"line":23}},"branchMap":{},"s":{"0":0,"1":0,"2":0,"3":0},"f":{"0":0,"1":0,"2":0,"3":0},"b":{},"meta":{"lastBranch":0,"lastFunction":4,"lastStatement":4,"seen":{"f:4:10:4:22":0,"s:5:8:5:Infinity":0,"f:8:10:8:19":1,"s:9:8:14:Infinity":1,"f:17:10:17:17":2,"s:18:8:20:Infinity":2,"f:23:10:23:29":3,"s:24:8:27:Infinity":3}}}
,"C:\\Users\\derek\\OneDrive\\Documentos\\geradoc\\backend\\src\\domains\\auth\\auth.routes.ts": {"path":"C:\\Users\\derek\\OneDrive\\Documentos\\geradoc\\backend\\src\\domains\\auth\\auth.routes.ts","statementMap":{"0":{"start":{"line":6,"column":27},"end":{"line":6,"column":47}},"1":{"start":{"line":7,"column":24},"end":{"line":7,"column":55}},"2":{"start":{"line":10,"column":4},"end":{"line":36,"column":null}},"3":{"start":{"line":28,"column":25},"end":{"line":28,"column":null}},"4":{"start":{"line":29,"column":25},"end":{"line":29,"column":57}},"5":{"start":{"line":30,"column":26},"end":{"line":30,"column":91}},"6":{"start":{"line":31,"column":12},"end":{"line":34,"column":null}},"7":{"start":{"line":39,"column":4},"end":{"line":64,"column":null}},"8":{"start":{"line":56,"column":25},"end":{"line":56,"column":null}},"9":{"start":{"line":57,"column":25},"end":{"line":57,"column":54}},"10":{"start":{"line":58,"column":26},"end":{"line":58,"column":91}},"11":{"start":{"line":59,"column":12},"end":{"line":62,"column":null}},"12":{"start":{"line":67,"column":4},"end":{"line":92,"column":null}},"13":{"start":{"line":78,"column":25},"end":{"line":78,"column":80}},"14":{"start":{"line":79,"column":12},"end":{"line":90,"column":null}}},"fnMap":{"0":{"name":"authRoutes","decl":{"start":{"line":5,"column":22},"end":{"line":5,"column":33}},"loc":{"start":{"line":5,"column":55},"end":{"line":92,"column":null}},"line":5},"1":{"name":"(anonymous_1)","decl":{"start":{"line":27,"column":8},"end":{"line":27,"column":15}},"loc":{"start":{"line":27,"column":34},"end":{"line":36,"column":null}},"line":27},"2":{"name":"(anonymous_2)","decl":{"start":{"line":55,"column":8},"end":{"line":55,"column":15}},"loc":{"start":{"line":55,"column":34},"end":{"line":64,"column":null}},"line":55},"3":{"name":"(anonymous_3)","decl":{"start":{"line":77,"column":8},"end":{"line":77,"column":15}},"loc":{"start":{"line":77,"column":34},"end":{"line":92,"column":null}},"line":77}},"branchMap":{"0":{"loc":{"start":{"line":86,"column":30},"end":{"line":89,"column":null}},"type":"cond-expr","locations":[{"start":{"line":86,"column":50},"end":{"line":89,"column":20}},{"start":{"line":89,"column":20},"end":{"line":89,"column":null}}],"line":86}},"s":{"0":1,"1":1,"2":1,"3":0,"4":0,"5":0,"6":0,"7":1,"8":0,"9":0,"10":0,"11":0,"12":1,"13":0,"14":0},"f":{"0":1,"1":0,"2":0,"3":0},"b":{"0":[0,0]},"meta":{"lastBranch":1,"lastFunction":4,"lastStatement":15,"seen":{"f:5:22:5:33":0,"s:6:27:6:47":0,"s:7:24:7:55":1,"s:10:4:36:Infinity":2,"f:27:8:27:15":1,"s:28:25:28:Infinity":3,"s:29:25:29:57":4,"s:30:26:30:91":5,"s:31:12:34:Infinity":6,"s:39:4:64:Infinity":7,"f:55:8:55:15":2,"s:56:25:56:Infinity":8,"s:57:25:57:54":9,"s:58:26:58:91":10,"s:59:12:62:Infinity":11,"s:67:4:92:Infinity":12,"f:77:8:77:15":3,"s:78:25:78:80":13,"s:79:12:90:Infinity":14,"b:86:50:89:20:89:20:89:Infinity":0}}}
,"C:\\Users\\derek\\OneDrive\\Documentos\\geradoc\\backend\\src\\domains\\auth\\auth.schema.ts": {"path":"C:\\Users\\derek\\OneDrive\\Documentos\\geradoc\\backend\\src\\domains\\auth\\auth.schema.ts","statementMap":{"0":{"start":{"line":3,"column":30},"end":{"line":7,"column":2}},"1":{"start":{"line":9,"column":27},"end":{"line":12,"column":2}}},"fnMap":{},"branchMap":{},"s":{"0":0,"1":0},"f":{},"b":{},"meta":{"lastBranch":0,"lastFunction":0,"lastStatement":2,"seen":{"s:3:30:7:2":0,"s:9:27:12:2":1}}}
,"C:\\Users\\derek\\OneDrive\\Documentos\\geradoc\\backend\\src\\domains\\auth\\auth.service.ts": {"path":"C:\\Users\\derek\\OneDrive\\Documentos\\geradoc\\backend\\src\\domains\\auth\\auth.service.ts","statementMap":{"0":{"start":{"line":6,"column":24},"end":{"line":6,"column":56}},"1":{"start":{"line":9,"column":42},"end":{"line":9,"column":null}},"2":{"start":{"line":11,"column":29},"end":{"line":11,"column":73}},"3":{"start":{"line":12,"column":8},"end":{"line":13,"column":null}},"4":{"start":{"line":13,"column":12},"end":{"line":13,"column":null}},"5":{"start":{"line":16,"column":29},"end":{"line":16,"column":56}},"6":{"start":{"line":18,"column":8},"end":{"line":22,"column":null}},"7":{"start":{"line":26,"column":36},"end":{"line":26,"column":null}},"8":{"start":{"line":28,"column":21},"end":{"line":28,"column":65}},"9":{"start":{"line":29,"column":8},"end":{"line":30,"column":null}},"10":{"start":{"line":30,"column":12},"end":{"line":30,"column":null}},"11":{"start":{"line":33,"column":32},"end":{"line":33,"column":80}},"12":{"start":{"line":34,"column":8},"end":{"line":35,"column":null}},"13":{"start":{"line":35,"column":12},"end":{"line":35,"column":null}},"14":{"start":{"line":38,"column":8},"end":{"line":38,"column":null}},"15":{"start":{"line":42,"column":21},"end":{"line":42,"column":59}},"16":{"start":{"line":43,"column":8},"end":{"line":44,"column":null}},"17":{"start":{"line":44,"column":12},"end":{"line":44,"column":null}},"18":{"start":{"line":46,"column":8},"end":{"line":46,"column":null}}},"fnMap":{"0":{"name":"(anonymous_0)","decl":{"start":{"line":6,"column":4},"end":{"line":6,"column":16}},"loc":{"start":{"line":6,"column":56},"end":{"line":6,"column":56}},"line":6},"1":{"name":"(anonymous_1)","decl":{"start":{"line":8,"column":10},"end":{"line":8,"column":19}},"loc":{"start":{"line":8,"column":40},"end":{"line":22,"column":null}},"line":8},"2":{"name":"(anonymous_2)","decl":{"start":{"line":25,"column":10},"end":{"line":25,"column":16}},"loc":{"start":{"line":25,"column":34},"end":{"line":38,"column":null}},"line":25},"3":{"name":"(anonymous_3)","decl":{"start":{"line":41,"column":10},"end":{"line":41,"column":22}},"loc":{"start":{"line":41,"column":34},"end":{"line":46,"column":null}},"line":41}},"branchMap":{"0":{"loc":{"start":{"line":12,"column":8},"end":{"line":13,"column":null}},"type":"if","locations":[{"start":{"line":12,"column":8},"end":{"line":13,"column":null}},{"start":{},"end":{}}],"line":12},"1":{"loc":{"start":{"line":29,"column":8},"end":{"line":30,"column":null}},"type":"if","locations":[{"start":{"line":29,"column":8},"end":{"line":30,"column":null}},{"start":{},"end":{}}],"line":29},"2":{"loc":{"start":{"line":34,"column":8},"end":{"line":35,"column":null}},"type":"if","locations":[{"start":{"line":34,"column":8},"end":{"line":35,"column":null}},{"start":{},"end":{}}],"line":34},"3":{"loc":{"start":{"line":43,"column":8},"end":{"line":44,"column":null}},"type":"if","locations":[{"start":{"line":43,"column":8},"end":{"line":44,"column":null}},{"start":{},"end":{}}],"line":43}},"s":{"0":6,"1":2,"2":2,"3":2,"4":1,"5":1,"6":1,"7":3,"8":3,"9":3,"10":1,"11":2,"12":2,"13":1,"14":1,"15":0,"16":0,"17":0,"18":0},"f":{"0":6,"1":2,"2":3,"3":0},"b":{"0":[1,1],"1":[1,2],"2":[1,1],"3":[0,0]},"meta":{"lastBranch":4,"lastFunction":4,"lastStatement":19,"seen":{"f:6:4:6:16":0,"s:6:24:6:56":0,"f:8:10:8:19":1,"s:9:42:9:Infinity":1,"s:11:29:11:73":2,"b:12:8:13:Infinity:undefined:undefined:undefined:undefined":0,"s:12:8:13:Infinity":3,"s:13:12:13:Infinity":4,"s:16:29:16:56":5,"s:18:8:22:Infinity":6,"f:25:10:25:16":2,"s:26:36:26:Infinity":7,"s:28:21:28:65":8,"b:29:8:30:Infinity:undefined:undefined:undefined:undefined":1,"s:29:8:30:Infinity":9,"s:30:12:30:Infinity":10,"s:33:32:33:80":11,"b:34:8:35:Infinity:undefined:undefined:undefined:undefined":2,"s:34:8:35:Infinity":12,"s:35:12:35:Infinity":13,"s:38:8:38:Infinity":14,"f:41:10:41:22":3,"s:42:21:42:59":15,"b:43:8:44:Infinity:undefined:undefined:undefined:undefined":3,"s:43:8:44:Infinity":16,"s:44:12:44:Infinity":17,"s:46:8:46:Infinity":18}}}
,"C:\\Users\\derek\\OneDrive\\Documentos\\geradoc\\backend\\src\\domains\\documents\\documents.repository.ts": {"path":"C:\\Users\\derek\\OneDrive\\Documentos\\geradoc\\backend\\src\\domains\\documents\\documents.repository.ts","statementMap":{"0":{"start":{"line":6,"column":27},"end":{"line":9,"column":null}},"1":{"start":{"line":11,"column":8},"end":{"line":12,"column":null}},"2":{"start":{"line":12,"column":12},"end":{"line":12,"column":null}},"3":{"start":{"line":15,"column":8},"end":{"line":21,"column":null}},"4":{"start":{"line":25,"column":27},"end":{"line":28,"column":null}},"5":{"start":{"line":30,"column":8},"end":{"line":31,"column":null}},"6":{"start":{"line":31,"column":12},"end":{"line":31,"column":null}},"7":{"start":{"line":34,"column":8},"end":{"line":34,"column":null}},"8":{"start":{"line":38,"column":8},"end":{"line":41,"column":null}},"9":{"start":{"line":45,"column":8},"end":{"line":50,"column":null}},"10":{"start":{"line":54,"column":8},"end":{"line":57,"column":null}},"11":{"start":{"line":61,"column":8},"end":{"line":64,"column":null}}},"fnMap":{"0":{"name":"(anonymous_0)","decl":{"start":{"line":5,"column":10},"end":{"line":5,"column":19}},"loc":{"start":{"line":5,"column":80},"end":{"line":21,"column":null}},"line":5},"1":{"name":"(anonymous_1)","decl":{"start":{"line":24,"column":10},"end":{"line":24,"column":16}},"loc":{"start":{"line":24,"column":49},"end":{"line":34,"column":null}},"line":24},"2":{"name":"(anonymous_2)","decl":{"start":{"line":37,"column":10},"end":{"line":37,"column":20}},"loc":{"start":{"line":37,"column":48},"end":{"line":41,"column":null}},"line":37},"3":{"name":"(anonymous_3)","decl":{"start":{"line":44,"column":10},"end":{"line":44,"column":17}},"loc":{"start":{"line":44,"column":60},"end":{"line":50,"column":null}},"line":44},"4":{"name":"(anonymous_4)","decl":{"start":{"line":53,"column":10},"end":{"line":53,"column":17}},"loc":{"start":{"line":53,"column":56},"end":{"line":57,"column":null}},"line":53},"5":{"name":"(anonymous_5)","decl":{"start":{"line":60,"column":10},"end":{"line":60,"column":22}},"loc":{"start":{"line":60,"column":38},"end":{"line":64,"column":null}},"line":60}},"branchMap":{"0":{"loc":{"start":{"line":11,"column":8},"end":{"line":12,"column":null}},"type":"if","locations":[{"start":{"line":11,"column":8},"end":{"line":12,"column":null}},{"start":{},"end":{}}],"line":11},"1":{"loc":{"start":{"line":30,"column":8},"end":{"line":31,"column":null}},"type":"if","locations":[{"start":{"line":30,"column":8},"end":{"line":31,"column":null}},{"start":{},"end":{}}],"line":30}},"s":{"0":1,"1":1,"2":0,"3":1,"4":2,"5":2,"6":0,"7":2,"8":0,"9":1,"10":0,"11":2},"f":{"0":1,"1":2,"2":0,"3":1,"4":0,"5":2},"b":{"0":[0,1],"1":[0,2]},"meta":{"lastBranch":2,"lastFunction":6,"lastStatement":12,"seen":{"f:5:10:5:19":0,"s:6:27:9:Infinity":0,"b:11:8:12:Infinity:undefined:undefined:undefined:undefined":0,"s:11:8:12:Infinity":1,"s:12:12:12:Infinity":2,"s:15:8:21:Infinity":3,"f:24:10:24:16":1,"s:25:27:28:Infinity":4,"b:30:8:31:Infinity:undefined:undefined:undefined:undefined":1,"s:30:8:31:Infinity":5,"s:31:12:31:Infinity":6,"s:34:8:34:Infinity":7,"f:37:10:37:20":2,"s:38:8:41:Infinity":8,"f:44:10:44:17":3,"s:45:8:50:Infinity":9,"f:53:10:53:17":4,"s:54:8:57:Infinity":10,"f:60:10:60:22":5,"s:61:8:64:Infinity":11}}}
,"C:\\Users\\derek\\OneDrive\\Documentos\\geradoc\\backend\\src\\domains\\documents\\documents.routes.ts": {"path":"C:\\Users\\derek\\OneDrive\\Documentos\\geradoc\\backend\\src\\domains\\documents\\documents.routes.ts","statementMap":{"0":{"start":{"line":5,"column":27},"end":{"line":5,"column":51}},"1":{"start":{"line":6,"column":24},"end":{"line":6,"column":63}},"2":{"start":{"line":10,"column":4},"end":{"line":13,"column":null}},"3":{"start":{"line":11,"column":8},"end":{"line":11,"column":null}},"4":{"start":{"line":13,"column":8},"end":{"line":13,"column":null}},"5":{"start":{"line":19,"column":4},"end":{"line":19,"column":null}},"6":{"start":{"line":22,"column":4},"end":{"line":31,"column":null}},"7":{"start":{"line":23,"column":27},"end":{"line":23,"column":null}},"8":{"start":{"line":24,"column":23},"end":{"line":28,"column":null}},"9":{"start":{"line":30,"column":8},"end":{"line":30,"column":null}},"10":{"start":{"line":34,"column":4},"end":{"line":45,"column":null}},"11":{"start":{"line":35,"column":21},"end":{"line":35,"column":null}},"12":{"start":{"line":36,"column":8},"end":{"line":43,"column":null}},"13":{"start":{"line":37,"column":29},"end":{"line":37,"column":89}},"14":{"start":{"line":38,"column":12},"end":{"line":38,"column":null}},"15":{"start":{"line":40,"column":12},"end":{"line":41,"column":null}},"16":{"start":{"line":41,"column":16},"end":{"line":41,"column":null}},"17":{"start":{"line":43,"column":12},"end":{"line":43,"column":null}},"18":{"start":{"line":48,"column":4},"end":{"line":59,"column":null}},"19":{"start":{"line":49,"column":23},"end":{"line":49,"column":null}},"20":{"start":{"line":50,"column":8},"end":{"line":57,"column":null}},"21":{"start":{"line":51,"column":29},"end":{"line":51,"column":88}},"22":{"start":{"line":52,"column":12},"end":{"line":52,"column":null}},"23":{"start":{"line":54,"column":12},"end":{"line":55,"column":null}},"24":{"start":{"line":55,"column":16},"end":{"line":55,"column":null}},"25":{"start":{"line":57,"column":12},"end":{"line":57,"column":null}},"26":{"start":{"line":62,"column":4},"end":{"line":67,"column":null}},"27":{"start":{"line":63,"column":23},"end":{"line":63,"column":null}},"28":{"start":{"line":64,"column":21},"end":{"line":64,"column":null}},"29":{"start":{"line":65,"column":25},"end":{"line":65,"column":89}},"30":{"start":{"line":66,"column":8},"end":{"line":66,"column":null}},"31":{"start":{"line":70,"column":4},"end":{"line":74,"column":null}},"32":{"start":{"line":71,"column":23},"end":{"line":71,"column":null}},"33":{"start":{"line":72,"column":8},"end":{"line":72,"column":null}},"34":{"start":{"line":73,"column":8},"end":{"line":73,"column":null}},"35":{"start":{"line":77,"column":4},"end":{"line":82,"column":null}},"36":{"start":{"line":78,"column":23},"end":{"line":78,"column":null}},"37":{"start":{"line":79,"column":21},"end":{"line":79,"column":null}},"38":{"start":{"line":80,"column":25},"end":{"line":80,"column":110}},"39":{"start":{"line":81,"column":8},"end":{"line":81,"column":null}}},"fnMap":{"0":{"name":"jwtAuth","decl":{"start":{"line":9,"column":15},"end":{"line":9,"column":23}},"loc":{"start":{"line":9,"column":69},"end":{"line":13,"column":null}},"line":9},"1":{"name":"documentRoutes","decl":{"start":{"line":17,"column":22},"end":{"line":17,"column":37}},"loc":{"start":{"line":17,"column":59},"end":{"line":82,"column":null}},"line":17},"2":{"name":"(anonymous_2)","decl":{"start":{"line":22,"column":17},"end":{"line":22,"column":24}},"loc":{"start":{"line":22,"column":43},"end":{"line":31,"column":null}},"line":22},"3":{"name":"(anonymous_3)","decl":{"start":{"line":34,"column":18},"end":{"line":34,"column":25}},"loc":{"start":{"line":34,"column":44},"end":{"line":45,"column":null}},"line":34},"4":{"name":"(anonymous_4)","decl":{"start":{"line":48,"column":20},"end":{"line":48,"column":27}},"loc":{"start":{"line":48,"column":46},"end":{"line":59,"column":null}},"line":48},"5":{"name":"(anonymous_5)","decl":{"start":{"line":62,"column":22},"end":{"line":62,"column":29}},"loc":{"start":{"line":62,"column":48},"end":{"line":67,"column":null}},"line":62},"6":{"name":"(anonymous_6)","decl":{"start":{"line":70,"column":23},"end":{"line":70,"column":30}},"loc":{"start":{"line":70,"column":49},"end":{"line":74,"column":null}},"line":70},"7":{"name":"(anonymous_7)","decl":{"start":{"line":77,"column":29},"end":{"line":77,"column":36}},"loc":{"start":{"line":77,"column":55},"end":{"line":82,"column":null}},"line":77}},"branchMap":{"0":{"loc":{"start":{"line":26,"column":12},"end":{"line":26,"column":null}},"type":"binary-expr","locations":[{"start":{"line":26,"column":12},"end":{"line":26,"column":30}},{"start":{"line":26,"column":34},"end":{"line":26,"column":null}}],"line":26},"1":{"loc":{"start":{"line":27,"column":12},"end":{"line":27,"column":null}},"type":"binary-expr","locations":[{"start":{"line":27,"column":12},"end":{"line":27,"column":31}},{"start":{"line":27,"column":35},"end":{"line":27,"column":null}}],"line":27},"2":{"loc":{"start":{"line":40,"column":12},"end":{"line":41,"column":null}},"type":"if","locations":[{"start":{"line":40,"column":12},"end":{"line":41,"column":null}},{"start":{},"end":{}}],"line":40},"3":{"loc":{"start":{"line":54,"column":12},"end":{"line":55,"column":null}},"type":"if","locations":[{"start":{"line":54,"column":12},"end":{"line":55,"column":null}},{"start":{},"end":{}}],"line":54}},"s":{"0":1,"1":1,"2":4,"3":4,"4":1,"5":1,"6":1,"7":1,"8":1,"9":1,"10":1,"11":2,"12":2,"13":2,"14":1,"15":1,"16":1,"17":0,"18":1,"19":0,"20":0,"21":0,"22":0,"23":0,"24":0,"25":0,"26":1,"27":0,"28":0,"29":0,"30":0,"31":1,"32":0,"33":0,"34":0,"35":1,"36":0,"37":0,"38":0,"39":0},"f":{"0":4,"1":1,"2":1,"3":2,"4":0,"5":0,"6":0,"7":0},"b":{"0":[1,0],"1":[1,0],"2":[1,0],"3":[0,0]},"meta":{"lastBranch":4,"lastFunction":8,"lastStatement":40,"seen":{"s:5:27:5:51":0,"s:6:24:6:63":1,"f:9:15:9:23":0,"s:10:4:13:Infinity":2,"s:11:8:11:Infinity":3,"s:13:8:13:Infinity":4,"f:17:22:17:37":1,"s:19:4:19:Infinity":5,"s:22:4:31:Infinity":6,"f:22:17:22:24":2,"s:23:27:23:Infinity":7,"s:24:23:28:Infinity":8,"b:26:12:26:30:26:34:26:Infinity":0,"b:27:12:27:31:27:35:27:Infinity":1,"s:30:8:30:Infinity":9,"s:34:4:45:Infinity":10,"f:34:18:34:25":3,"s:35:21:35:Infinity":11,"s:36:8:43:Infinity":12,"s:37:29:37:89":13,"s:38:12:38:Infinity":14,"b:40:12:41:Infinity:undefined:undefined:undefined:undefined":2,"s:40:12:41:Infinity":15,"s:41:16:41:Infinity":16,"s:43:12:43:Infinity":17,"s:48:4:59:Infinity":18,"f:48:20:48:27":4,"s:49:23:49:Infinity":19,"s:50:8:57:Infinity":20,"s:51:29:51:88":21,"s:52:12:52:Infinity":22,"b:54:12:55:Infinity:undefined:undefined:undefined:undefined":3,"s:54:12:55:Infinity":23,"s:55:16:55:Infinity":24,"s:57:12:57:Infinity":25,"s:62:4:67:Infinity":26,"f:62:22:62:29":5,"s:63:23:63:Infinity":27,"s:64:21:64:Infinity":28,"s:65:25:65:89":29,"s:66:8:66:Infinity":30,"s:70:4:74:Infinity":31,"f:70:23:70:30":6,"s:71:23:71:Infinity":32,"s:72:8:72:Infinity":33,"s:73:8:73:Infinity":34,"s:77:4:82:Infinity":35,"f:77:29:77:36":7,"s:78:23:78:Infinity":36,"s:79:21:79:Infinity":37,"s:80:25:80:110":38,"s:81:8:81:Infinity":39}}}
,"C:\\Users\\derek\\OneDrive\\Documentos\\geradoc\\backend\\src\\domains\\documents\\documents.schema.ts": {"path":"C:\\Users\\derek\\OneDrive\\Documentos\\geradoc\\backend\\src\\domains\\documents\\documents.schema.ts","statementMap":{"0":{"start":{"line":3,"column":36},"end":{"line":8,"column":2}},"1":{"start":{"line":10,"column":36},"end":{"line":15,"column":2}}},"fnMap":{},"branchMap":{},"s":{"0":0,"1":0},"f":{},"b":{},"meta":{"lastBranch":0,"lastFunction":0,"lastStatement":2,"seen":{"s:3:36:8:2":0,"s:10:36:15:2":1}}}
,"C:\\Users\\derek\\OneDrive\\Documentos\\geradoc\\backend\\src\\domains\\documents\\documents.service.ts": {"path":"C:\\Users\\derek\\OneDrive\\Documentos\\geradoc\\backend\\src\\domains\\documents\\documents.service.ts","statementMap":{"0":{"start":{"line":5,"column":24},"end":{"line":5,"column":64}},"1":{"start":{"line":8,"column":14},"end":{"line":8,"column":null}},"2":{"start":{"line":9,"column":31},"end":{"line":12,"column":10}},"3":{"start":{"line":14,"column":8},"end":{"line":14,"column":null}},"4":{"start":{"line":18,"column":25},"end":{"line":18,"column":76}},"5":{"start":{"line":20,"column":8},"end":{"line":21,"column":null}},"6":{"start":{"line":21,"column":12},"end":{"line":21,"column":null}},"7":{"start":{"line":24,"column":8},"end":{"line":24,"column":null}},"8":{"start":{"line":28,"column":21},"end":{"line":28,"column":70}},"9":{"start":{"line":30,"column":8},"end":{"line":34,"column":null}},"10":{"start":{"line":31,"column":26},"end":{"line":31,"column":69}},"11":{"start":{"line":33,"column":12},"end":{"line":34,"column":null}},"12":{"start":{"line":34,"column":16},"end":{"line":34,"column":null}},"13":{"start":{"line":38,"column":8},"end":{"line":38,"column":null}},"14":{"start":{"line":42,"column":25},"end":{"line":42,"column":55}},"15":{"start":{"line":44,"column":32},"end":{"line":44,"column":43}},"16":{"start":{"line":45,"column":8},"end":{"line":46,"column":null}},"17":{"start":{"line":46,"column":12},"end":{"line":46,"column":null}},"18":{"start":{"line":49,"column":8},"end":{"line":49,"column":null}},"19":{"start":{"line":53,"column":8},"end":{"line":53,"column":null}},"20":{"start":{"line":55,"column":8},"end":{"line":55,"column":null}}},"fnMap":{"0":{"name":"(anonymous_0)","decl":{"start":{"line":5,"column":4},"end":{"line":5,"column":16}},"loc":{"start":{"line":5,"column":64},"end":{"line":5,"column":64}},"line":5},"1":{"name":"(anonymous_1)","decl":{"start":{"line":7,"column":10},"end":{"line":7,"column":15}},"loc":{"start":{"line":7,"column":70},"end":{"line":14,"column":null}},"line":7},"2":{"name":"(anonymous_2)","decl":{"start":{"line":17,"column":10},"end":{"line":17,"column":18}},"loc":{"start":{"line":17,"column":46},"end":{"line":24,"column":null}},"line":17},"3":{"name":"(anonymous_3)","decl":{"start":{"line":27,"column":10},"end":{"line":27,"column":17}},"loc":{"start":{"line":27,"column":60},"end":{"line":38,"column":null}},"line":27},"4":{"name":"(anonymous_4)","decl":{"start":{"line":41,"column":10},"end":{"line":41,"column":17}},"loc":{"start":{"line":41,"column":72},"end":{"line":49,"column":null}},"line":41},"5":{"name":"(anonymous_5)","decl":{"start":{"line":52,"column":10},"end":{"line":52,"column":17}},"loc":{"start":{"line":52,"column":45},"end":{"line":55,"column":null}},"line":52}},"branchMap":{"0":{"loc":{"start":{"line":7,"column":31},"end":{"line":7,"column":41}},"type":"default-arg","locations":[{"start":{"line":7,"column":38},"end":{"line":7,"column":41}}],"line":7},"1":{"loc":{"start":{"line":7,"column":41},"end":{"line":7,"column":53}},"type":"default-arg","locations":[{"start":{"line":7,"column":49},"end":{"line":7,"column":53}}],"line":7},"2":{"loc":{"start":{"line":20,"column":8},"end":{"line":21,"column":null}},"type":"if","locations":[{"start":{"line":20,"column":8},"end":{"line":21,"column":null}},{"start":{},"end":{}}],"line":20},"3":{"loc":{"start":{"line":30,"column":8},"end":{"line":34,"column":null}},"type":"if","locations":[{"start":{"line":30,"column":8},"end":{"line":34,"column":null}},{"start":{},"end":{}}],"line":30},"4":{"loc":{"start":{"line":33,"column":12},"end":{"line":34,"column":null}},"type":"if","locations":[{"start":{"line":33,"column":12},"end":{"line":34,"column":null}},{"start":{},"end":{}}],"line":33},"5":{"loc":{"start":{"line":45,"column":8},"end":{"line":46,"column":null}},"type":"if","locations":[{"start":{"line":45,"column":8},"end":{"line":46,"column":null}},{"start":{},"end":{}}],"line":45}},"s":{"0":1,"1":1,"2":1,"3":1,"4":0,"5":0,"6":0,"7":0,"8":2,"9":2,"10":1,"11":1,"12":1,"13":1,"14":0,"15":0,"16":0,"17":0,"18":0,"19":0,"20":0},"f":{"0":1,"1":1,"2":0,"3":2,"4":0,"5":0},"b":{"0":[1],"1":[1],"2":[0,0],"3":[1,1],"4":[1,0],"5":[0,0]},"meta":{"lastBranch":6,"lastFunction":6,"lastStatement":21,"seen":{"f:5:4:5:16":0,"s:5:24:5:64":0,"f:7:10:7:15":1,"b:7:38:7:41":0,"b:7:49:7:53":1,"s:8:14:8:Infinity":1,"s:9:31:12:10":2,"s:14:8:14:Infinity":3,"f:17:10:17:18":2,"s:18:25:18:76":4,"b:20:8:21:Infinity:undefined:undefined:undefined:undefined":2,"s:20:8:21:Infinity":5,"s:21:12:21:Infinity":6,"s:24:8:24:Infinity":7,"f:27:10:27:17":3,"s:28:21:28:70":8,"b:30:8:34:Infinity:undefined:undefined:undefined:undefined":3,"s:30:8:34:Infinity":9,"s:31:26:31:69":10,"b:33:12:34:Infinity:undefined:undefined:undefined:undefined":4,"s:33:12:34:Infinity":11,"s:34:16:34:Infinity":12,"s:38:8:38:Infinity":13,"f:41:10:41:17":4,"s:42:25:42:55":14,"s:44:32:44:43":15,"b:45:8:46:Infinity:undefined:undefined:undefined:undefined":5,"s:45:8:46:Infinity":16,"s:46:12:46:Infinity":17,"s:49:8:49:Infinity":18,"f:52:10:52:17":5,"s:53:8:53:Infinity":19,"s:55:8:55:Infinity":20}}}
,"C:\\Users\\derek\\OneDrive\\Documentos\\geradoc\\backend\\src\\domains\\payments\\payments.service.ts": {"path":"C:\\Users\\derek\\OneDrive\\Documentos\\geradoc\\backend\\src\\domains\\payments\\payments.service.ts","statementMap":{"0":{"start":{"line":5,"column":24},"end":{"line":5,"column":56}},"1":{"start":{"line":8,"column":8},"end":{"line":23,"column":null}},"2":{"start":{"line":27,"column":8},"end":{"line":27,"column":null}},"3":{"start":{"line":31,"column":21},"end":{"line":33,"column":10}},"4":{"start":{"line":35,"column":8},"end":{"line":36,"column":null}},"5":{"start":{"line":36,"column":12},"end":{"line":36,"column":null}},"6":{"start":{"line":39,"column":8},"end":{"line":39,"column":null}},"7":{"start":{"line":43,"column":8},"end":{"line":43,"column":null}},"8":{"start":{"line":45,"column":8},"end":{"line":71,"column":null}},"9":{"start":{"line":46,"column":28},"end":{"line":46,"column":null}},"10":{"start":{"line":47,"column":27},"end":{"line":47,"column":null}},"11":{"start":{"line":49,"column":12},"end":{"line":71,"column":null}},"12":{"start":{"line":50,"column":16},"end":{"line":57,"column":null}},"13":{"start":{"line":59,"column":16},"end":{"line":71,"column":null}}},"fnMap":{"0":{"name":"(anonymous_0)","decl":{"start":{"line":5,"column":4},"end":{"line":5,"column":16}},"loc":{"start":{"line":5,"column":56},"end":{"line":5,"column":56}},"line":5},"1":{"name":"(anonymous_1)","decl":{"start":{"line":7,"column":10},"end":{"line":7,"column":21}},"loc":{"start":{"line":7,"column":21},"end":{"line":23,"column":null}},"line":7},"2":{"name":"(anonymous_2)","decl":{"start":{"line":26,"column":10},"end":{"line":26,"column":32}},"loc":{"start":{"line":26,"column":65},"end":{"line":27,"column":null}},"line":26},"3":{"name":"(anonymous_3)","decl":{"start":{"line":30,"column":10},"end":{"line":30,"column":30}},"loc":{"start":{"line":30,"column":46},"end":{"line":39,"column":null}},"line":30},"4":{"name":"(anonymous_4)","decl":{"start":{"line":42,"column":10},"end":{"line":42,"column":24}},"loc":{"start":{"line":42,"column":57},"end":{"line":71,"column":null}},"line":42}},"branchMap":{"0":{"loc":{"start":{"line":21,"column":25},"end":{"line":21,"column":null}},"type":"binary-expr","locations":[{"start":{"line":21,"column":25},"end":{"line":21,"column":64}},{"start":{"line":21,"column":64},"end":{"line":21,"column":null}}],"line":21},"1":{"loc":{"start":{"line":35,"column":8},"end":{"line":36,"column":null}},"type":"if","locations":[{"start":{"line":35,"column":8},"end":{"line":36,"column":null}},{"start":{},"end":{}}],"line":35},"2":{"loc":{"start":{"line":35,"column":12},"end":{"line":35,"column":45}},"type":"binary-expr","locations":[{"start":{"line":35,"column":12},"end":{"line":35,"column":21}},{"start":{"line":35,"column":21},"end":{"line":35,"column":45}}],"line":35},"3":{"loc":{"start":{"line":45,"column":8},"end":{"line":71,"column":null}},"type":"if","locations":[{"start":{"line":45,"column":8},"end":{"line":71,"column":null}},{"start":{},"end":{}}],"line":45},"4":{"loc":{"start":{"line":49,"column":12},"end":{"line":71,"column":null}},"type":"if","locations":[{"start":{"line":49,"column":12},"end":{"line":71,"column":null}},{"start":{},"end":{}}],"line":49},"5":{"loc":{"start":{"line":64,"column":33},"end":{"line":64,"column":null}},"type":"binary-expr","locations":[{"start":{"line":64,"column":33},"end":{"line":64,"column":62}},{"start":{"line":64,"column":62},"end":{"line":64,"column":null}}],"line":64}},"s":{"0":0,"1":0,"2":0,"3":0,"4":0,"5":0,"6":0,"7":0,"8":0,"9":0,"10":0,"11":0,"12":0,"13":0},"f":{"0":0,"1":0,"2":0,"3":0,"4":0},"b":{"0":[0,0],"1":[0,0],"2":[0,0],"3":[0,0],"4":[0,0],"5":[0,0]},"meta":{"lastBranch":6,"lastFunction":5,"lastStatement":14,"seen":{"f:5:4:5:16":0,"s:5:24:5:56":0,"f:7:10:7:21":1,"s:8:8:23:Infinity":1,"b:21:25:21:64:21:64:21:Infinity":0,"f:26:10:26:32":2,"s:27:8:27:Infinity":2,"f:30:10:30:30":3,"s:31:21:33:10":3,"b:35:8:36:Infinity:undefined:undefined:undefined:undefined":1,"s:35:8:36:Infinity":4,"b:35:12:35:21:35:21:35:45":2,"s:36:12:36:Infinity":5,"s:39:8:39:Infinity":6,"f:42:10:42:24":4,"s:43:8:43:Infinity":7,"b:45:8:71:Infinity:undefined:undefined:undefined:undefined":3,"s:45:8:71:Infinity":8,"s:46:28:46:Infinity":9,"s:47:27:47:Infinity":10,"b:49:12:71:Infinity:undefined:undefined:undefined:undefined":4,"s:49:12:71:Infinity":11,"s:50:16:57:Infinity":12,"s:59:16:71:Infinity":13,"b:64:33:64:62:64:62:64:Infinity":5}}}
,"C:\\Users\\derek\\OneDrive\\Documentos\\geradoc\\backend\\src\\domains\\payments\\providers\\stripe.provider.ts": {"path":"C:\\Users\\derek\\OneDrive\\Documentos\\geradoc\\backend\\src\\domains\\payments\\providers\\stripe.provider.ts","statementMap":{"0":{"start":{"line":7,"column":8},"end":{"line":7,"column":null}},"1":{"start":{"line":11,"column":8},"end":{"line":12,"column":null}},"2":{"start":{"line":12,"column":12},"end":{"line":12,"column":null}},"3":{"start":{"line":15,"column":8},"end":{"line":15,"column":null}},"4":{"start":{"line":19,"column":8},"end":{"line":20,"column":null}},"5":{"start":{"line":20,"column":12},"end":{"line":20,"column":null}},"6":{"start":{"line":23,"column":8},"end":{"line":23,"column":null}}},"fnMap":{"0":{"name":"(anonymous_0)","decl":{"start":{"line":6,"column":4},"end":{"line":6,"column":18}},"loc":{"start":{"line":6,"column":18},"end":{"line":7,"column":null}},"line":6},"1":{"name":"(anonymous_1)","decl":{"start":{"line":10,"column":10},"end":{"line":10,"column":32}},"loc":{"start":{"line":10,"column":65},"end":{"line":15,"column":null}},"line":10},"2":{"name":"(anonymous_2)","decl":{"start":{"line":18,"column":10},"end":{"line":18,"column":30}},"loc":{"start":{"line":18,"column":56},"end":{"line":23,"column":null}},"line":18}},"branchMap":{"0":{"loc":{"start":{"line":11,"column":8},"end":{"line":12,"column":null}},"type":"if","locations":[{"start":{"line":11,"column":8},"end":{"line":12,"column":null}},{"start":{},"end":{}}],"line":11},"1":{"loc":{"start":{"line":19,"column":8},"end":{"line":20,"column":null}},"type":"if","locations":[{"start":{"line":19,"column":8},"end":{"line":20,"column":null}},{"start":{},"end":{}}],"line":19}},"s":{"0":0,"1":0,"2":0,"3":0,"4":0,"5":0,"6":0},"f":{"0":0,"1":0,"2":0},"b":{"0":[0,0],"1":[0,0]},"meta":{"lastBranch":2,"lastFunction":3,"lastStatement":7,"seen":{"f:6:4:6:18":0,"s:7:8:7:Infinity":0,"f:10:10:10:32":1,"b:11:8:12:Infinity:undefined:undefined:undefined:undefined":0,"s:11:8:12:Infinity":1,"s:12:12:12:Infinity":2,"s:15:8:15:Infinity":3,"f:18:10:18:30":2,"b:19:8:20:Infinity:undefined:undefined:undefined:undefined":1,"s:19:8:20:Infinity":4,"s:20:12:20:Infinity":5,"s:23:8:23:Infinity":6}}}
,"C:\\Users\\derek\\OneDrive\\Documentos\\geradoc\\backend\\src\\shared\\db\\prisma.ts": {"path":"C:\\Users\\derek\\OneDrive\\Documentos\\geradoc\\backend\\src\\shared\\db\\prisma.ts","statementMap":{"0":{"start":{"line":4,"column":24},"end":{"line":4,"column":null}},"1":{"start":{"line":7,"column":4},"end":{"line":10,"column":6}},"2":{"start":{"line":12,"column":0},"end":{"line":12,"column":null}},"3":{"start":{"line":12,"column":43},"end":{"line":12,"column":null}}},"fnMap":{},"branchMap":{"0":{"loc":{"start":{"line":7,"column":4},"end":{"line":10,"column":6}},"type":"binary-expr","locations":[{"start":{"line":7,"column":4},"end":{"line":7,"column":null}},{"start":{"line":8,"column":4},"end":{"line":10,"column":6}}],"line":7},"1":{"loc":{"start":{"line":12,"column":0},"end":{"line":12,"column":null}},"type":"if","locations":[{"start":{"line":12,"column":0},"end":{"line":12,"column":null}},{"start":{},"end":{}}],"line":12}},"s":{"0":1,"1":1,"2":1,"3":1},"f":{},"b":{"0":[1,1],"1":[1,0]},"meta":{"lastBranch":2,"lastFunction":0,"lastStatement":4,"seen":{"s:4:24:4:Infinity":0,"s:7:4:10:6":1,"b:7:4:7:Infinity:8:4:10:6":0,"b:12:0:12:Infinity:undefined:undefined:undefined:undefined":1,"s:12:0:12:Infinity":2,"s:12:43:12:Infinity":3}}}
,"C:\\Users\\derek\\OneDrive\\Documentos\\geradoc\\backend\\src\\shared\\http\\errors.ts": {"path":"C:\\Users\\derek\\OneDrive\\Documentos\\geradoc\\backend\\src\\shared\\http\\errors.ts","statementMap":{"0":{"start":{"line":8,"column":8},"end":{"line":8,"column":null}},"1":{"start":{"line":3,"column":15},"end":{"line":3,"column":null}},"2":{"start":{"line":4,"column":15},"end":{"line":4,"column":28}},"3":{"start":{"line":5,"column":15},"end":{"line":5,"column":22}},"4":{"start":{"line":6,"column":15},"end":{"line":6,"column":31}},"5":{"start":{"line":9,"column":8},"end":{"line":9,"column":null}},"6":{"start":{"line":13,"column":13},"end":{"line":37,"column":null}},"7":{"start":{"line":14,"column":4},"end":{"line":24,"column":null}},"8":{"start":{"line":15,"column":8},"end":{"line":24,"column":null}},"9":{"start":{"line":27,"column":4},"end":{"line":27,"column":null}},"10":{"start":{"line":29,"column":4},"end":{"line":37,"column":null}}},"fnMap":{"0":{"name":"(anonymous_0)","decl":{"start":{"line":2,"column":4},"end":{"line":2,"column":null}},"loc":{"start":{"line":7,"column":6},"end":{"line":9,"column":null}},"line":7},"1":{"name":"(anonymous_1)","decl":{"start":{"line":13,"column":13},"end":{"line":13,"column":28}},"loc":{"start":{"line":13,"column":43},"end":{"line":37,"column":null}},"line":13}},"branchMap":{"0":{"loc":{"start":{"line":4,"column":8},"end":{"line":4,"column":null}},"type":"default-arg","locations":[{"start":{"line":4,"column":28},"end":{"line":4,"column":null}}],"line":4},"1":{"loc":{"start":{"line":5,"column":8},"end":{"line":5,"column":null}},"type":"default-arg","locations":[{"start":{"line":5,"column":22},"end":{"line":5,"column":null}}],"line":5},"2":{"loc":{"start":{"line":6,"column":8},"end":{"line":6,"column":33}},"type":"default-arg","locations":[{"start":{"line":6,"column":31},"end":{"line":6,"column":33}}],"line":6},"3":{"loc":{"start":{"line":14,"column":4},"end":{"line":24,"column":null}},"type":"if","locations":[{"start":{"line":14,"column":4},"end":{"line":24,"column":null}},{"start":{},"end":{}}],"line":14}},"s":{"0":0,"1":0,"2":0,"3":0,"4":0,"5":0,"6":0,"7":0,"8":0,"9":0,"10":0},"f":{"0":0,"1":0},"b":{"0":[0],"1":[0],"2":[0],"3":[0,0]},"meta":{"lastBranch":4,"lastFunction":2,"lastStatement":11,"seen":{"f:2:4:2:Infinity":0,"b:4:28:4:Infinity":0,"b:5:22:5:Infinity":1,"b:6:31:6:33":2,"s:8:8:8:Infinity":0,"s:3:15:3:Infinity":1,"s:4:15:4:28":2,"s:5:15:5:22":3,"s:6:15:6:31":4,"s:9:8:9:Infinity":5,"s:13:13:37:Infinity":6,"f:13:13:13:28":1,"b:14:4:24:Infinity:undefined:undefined:undefined:undefined":3,"s:14:4:24:Infinity":7,"s:15:8:24:Infinity":8,"s:27:4:27:Infinity":9,"s:29:4:37:Infinity":10}}}
,"C:\\Users\\derek\\OneDrive\\Documentos\\geradoc\\backend\\src\\shared\\http\\response.ts": {"path":"C:\\Users\\derek\\OneDrive\\Documentos\\geradoc\\backend\\src\\shared\\http\\response.ts","statementMap":{"0":{"start":{"line":1,"column":24},"end":{"line":18,"column":null}},"1":{"start":{"line":2,"column":47},"end":{"line":6,"column":null}},"2":{"start":{"line":8,"column":93},"end":{"line":17,"column":null}}},"fnMap":{"0":{"name":"(anonymous_0)","decl":{"start":{"line":2,"column":4},"end":{"line":2,"column":14}},"loc":{"start":{"line":2,"column":47},"end":{"line":6,"column":null}},"line":2},"1":{"name":"(anonymous_1)","decl":{"start":{"line":8,"column":4},"end":{"line":8,"column":12}},"loc":{"start":{"line":8,"column":93},"end":{"line":17,"column":null}},"line":8}},"branchMap":{"0":{"loc":{"start":{"line":2,"column":25},"end":{"line":2,"column":47}},"type":"default-arg","locations":[{"start":{"line":2,"column":38},"end":{"line":2,"column":47}}],"line":2},"1":{"loc":{"start":{"line":8,"column":29},"end":{"line":8,"column":47}},"type":"default-arg","locations":[{"start":{"line":8,"column":42},"end":{"line":8,"column":47}}],"line":8},"2":{"loc":{"start":{"line":8,"column":47},"end":{"line":8,"column":69}},"type":"default-arg","locations":[{"start":{"line":8,"column":54},"end":{"line":8,"column":69}}],"line":8},"3":{"loc":{"start":{"line":8,"column":69},"end":{"line":8,"column":87}},"type":"default-arg","locations":[{"start":{"line":8,"column":85},"end":{"line":8,"column":87}}],"line":8},"4":{"loc":{"start":{"line":11,"column":19},"end":{"line":11,"column":null}},"type":"cond-expr","locations":[{"start":{"line":11,"column":40},"end":{"line":11,"column":66}},{"start":{"line":11,"column":66},"end":{"line":11,"column":null}}],"line":11}},"s":{"0":0,"1":0,"2":0},"f":{"0":0,"1":0},"b":{"0":[0],"1":[0],"2":[0],"3":[0],"4":[0,0]},"meta":{"lastBranch":5,"lastFunction":2,"lastStatement":3,"seen":{"s:1:24:18:Infinity":0,"f:2:4:2:14":0,"s:2:47:6:Infinity":1,"b:2:38:2:47":0,"f:8:4:8:12":1,"s:8:93:17:Infinity":2,"b:8:42:8:47":1,"b:8:54:8:69":2,"b:8:85:8:87":3,"b:11:40:11:66:11:66:11:Infinity":4}}}
,"C:\\Users\\derek\\OneDrive\\Documentos\\geradoc\\backend\\src\\shared\\http\\middlewares\\auth.middleware.ts": {"path":"C:\\Users\\derek\\OneDrive\\Documentos\\geradoc\\backend\\src\\shared\\http\\middlewares\\auth.middleware.ts","statementMap":{"0":{"start":{"line":4,"column":19},"end":{"line":4,"column":59}},"1":{"start":{"line":13,"column":19},"end":{"line":13,"column":null}},"2":{"start":{"line":14,"column":4},"end":{"line":15,"column":null}},"3":{"start":{"line":15,"column":8},"end":{"line":15,"column":null}},"4":{"start":{"line":18,"column":28},"end":{"line":18,"column":45}},"5":{"start":{"line":19,"column":4},"end":{"line":20,"column":null}},"6":{"start":{"line":20,"column":8},"end":{"line":20,"column":null}},"7":{"start":{"line":23,"column":4},"end":{"line":27,"column":null}},"8":{"start":{"line":24,"column":28},"end":{"line":24,"column":62}},"9":{"start":{"line":25,"column":8},"end":{"line":25,"column":null}},"10":{"start":{"line":27,"column":8},"end":{"line":27,"column":null}}},"fnMap":{"0":{"name":"authenticate","decl":{"start":{"line":12,"column":22},"end":{"line":12,"column":35}},"loc":{"start":{"line":12,"column":69},"end":{"line":27,"column":null}},"line":12}},"branchMap":{"0":{"loc":{"start":{"line":13,"column":19},"end":{"line":13,"column":null}},"type":"binary-expr","locations":[{"start":{"line":13,"column":19},"end":{"line":13,"column":51}},{"start":{"line":13,"column":51},"end":{"line":13,"column":null}}],"line":13},"1":{"loc":{"start":{"line":14,"column":4},"end":{"line":15,"column":null}},"type":"if","locations":[{"start":{"line":14,"column":4},"end":{"line":15,"column":null}},{"start":{},"end":{}}],"line":14},"2":{"loc":{"start":{"line":19,"column":4},"end":{"line":20,"column":null}},"type":"if","locations":[{"start":{"line":19,"column":4},"end":{"line":20,"column":null}},{"start":{},"end":{}}],"line":19},"3":{"loc":{"start":{"line":19,"column":8},"end":{"line":19,"column":39}},"type":"binary-expr","locations":[{"start":{"line":19,"column":8},"end":{"line":19,"column":31}},{"start":{"line":19,"column":31},"end":{"line":19,"column":39}}],"line":19}},"s":{"0":1,"1":0,"2":0,"3":0,"4":0,"5":0,"6":0,"7":0,"8":0,"9":0,"10":0},"f":{"0":0},"b":{"0":[0,0],"1":[0,0],"2":[0,0],"3":[0,0]},"meta":{"lastBranch":4,"lastFunction":1,"lastStatement":11,"seen":{"s:4:19:4:59":0,"f:12:22:12:35":0,"s:13:19:13:Infinity":1,"b:13:19:13:51:13:51:13:Infinity":0,"b:14:4:15:Infinity:undefined:undefined:undefined:undefined":1,"s:14:4:15:Infinity":2,"s:15:8:15:Infinity":3,"s:18:28:18:45":4,"b:19:4:20:Infinity:undefined:undefined:undefined:undefined":2,"s:19:4:20:Infinity":5,"b:19:8:19:31:19:31:19:39":3,"s:20:8:20:Infinity":6,"s:23:4:27:Infinity":7,"s:24:28:24:62":8,"s:25:8:25:Infinity":9,"s:27:8:27:Infinity":10}}}
}
